<?xml version="1.0" encoding="UTF-8"?>
<testng-results skipped="0" failed="0" ignored="0" total="2" passed="2">
  <reporter-output>
  </reporter-output>
  <suite name="test sofa" duration-ms="95827" started-at="2018-08-09T11:25:16Z" finished-at="2018-08-09T11:26:51Z">
    <groups>
    </groups>
    <test name="score1" duration-ms="95827" started-at="2018-08-09T11:25:16Z" finished-at="2018-08-09T11:26:51Z">
      <class name="com.yss.suit.scenario1">
        <test-method status="PASS" signature="beforeClass()[pri:0, instance:com.yss.suit.scenario1@3c716932]" name="beforeClass" is-config="true" duration-ms="3364" started-at="2018-08-09T19:25:16Z" finished-at="2018-08-09T19:25:19Z">
          <reporter-output>
          </reporter-output>
        </test-method> <!-- beforeClass -->
        <test-method status="PASS" signature="test1()[pri:0, instance:com.yss.suit.scenario1@3c716932]" name="test1" duration-ms="13186" started-at="2018-08-09T19:25:19Z" finished-at="2018-08-09T19:25:32Z">
          <reporter-output>
          </reporter-output>
        </test-method> <!-- test1 -->
        <test-method status="PASS" signature="test2()[pri:0, instance:com.yss.suit.scenario1@3c716932]" name="test2" duration-ms="79238" started-at="2018-08-09T19:25:32Z" finished-at="2018-08-09T19:26:51Z">
          <reporter-output>
          </reporter-output>
        </test-method> <!-- test2 -->
        <test-method status="PASS" signature="afterClass()[pri:0, instance:com.yss.suit.scenario1@3c716932]" name="afterClass" is-config="true" duration-ms="1" started-at="2018-08-09T19:26:51Z" finished-at="2018-08-09T19:26:51Z">
          <reporter-output>
          </reporter-output>
        </test-method> <!-- afterClass -->
      </class> <!-- com.yss.suit.scenario1 -->
    </test> <!-- score1 -->
  </suite> <!-- test sofa -->
</testng-results>
