<?xml version="1.0" encoding="UTF-8"?>
<testng-results skipped="0" failed="0" ignored="0" total="2" passed="2">
  <reporter-output>
    <line>
      <![CDATA[登录成功]]>
    </line>
    <line>
      <![CDATA[核算机构信息-新增成功]]>
    </line>
  </reporter-output>
  <suite name="test sofa" duration-ms="10143" started-at="2018-08-24T01:36:11Z" finished-at="2018-08-24T01:36:21Z">
    <groups>
    </groups>
    <test name="yss_auto_test" duration-ms="10143" started-at="2018-08-24T01:36:11Z" finished-at="2018-08-24T01:36:21Z">
      <class name="com.yss.suit.scenario1">
        <test-method status="PASS" signature="getData()[pri:0, instance:com.yss.suit.scenario1@7f7e01f8]" name="getData" is-config="true" duration-ms="5079" started-at="2018-08-24T09:36:11Z" finished-at="2018-08-24T09:36:16Z">
          <reporter-output>
          </reporter-output>
        </test-method> <!-- getData -->
        <test-method status="PASS" signature="beforeClass()[pri:0, instance:com.yss.suit.scenario1@7f7e01f8]" name="beforeClass" is-config="true" duration-ms="1" started-at="2018-08-24T09:36:16Z" finished-at="2018-08-24T09:36:16Z">
          <reporter-output>
          </reporter-output>
        </test-method> <!-- beforeClass -->
        <test-method status="PASS" signature="login()[pri:0, instance:com.yss.suit.scenario1@7f7e01f8]" name="login" duration-ms="3502" started-at="2018-08-24T09:36:16Z" finished-at="2018-08-24T09:36:19Z">
          <reporter-output>
            <line>
              <![CDATA[登录成功]]>
            </line>
          </reporter-output>
        </test-method> <!-- login -->
        <test-method status="PASS" signature="HeSuanJiGouXinXiAdd()[pri:1, instance:com.yss.suit.scenario1@7f7e01f8]" name="HeSuanJiGouXinXiAdd" duration-ms="745" started-at="2018-08-24T09:36:19Z" finished-at="2018-08-24T09:36:20Z">
          <reporter-output>
            <line>
              <![CDATA[核算机构信息-新增成功]]>
            </line>
          </reporter-output>
        </test-method> <!-- HeSuanJiGouXinXiAdd -->
        <test-method status="PASS" signature="afterClass()[pri:0, instance:com.yss.suit.scenario1@7f7e01f8]" name="afterClass" is-config="true" duration-ms="795" started-at="2018-08-24T09:36:20Z" finished-at="2018-08-24T09:36:21Z">
          <reporter-output>
          </reporter-output>
        </test-method> <!-- afterClass -->
      </class> <!-- com.yss.suit.scenario1 -->
    </test> <!-- yss_auto_test -->
  </suite> <!-- test sofa -->
</testng-results>
