<?xml version="1.0" encoding="UTF-8"?>
<testng-results skipped="0" failed="0" ignored="0" total="2" passed="2">
  <reporter-output>
  </reporter-output>
  <suite name="test sofa" duration-ms="59443" started-at="2018-08-20T10:31:18Z" finished-at="2018-08-20T10:32:17Z">
    <groups>
    </groups>
    <test name="score1" duration-ms="59443" started-at="2018-08-20T10:31:18Z" finished-at="2018-08-20T10:32:17Z">
      <class name="com.yss.suit.scenario1">
        <test-method status="PASS" signature="getData()[pri:0, instance:com.yss.suit.scenario1@65cb687f]" name="getData" is-config="true" duration-ms="3510" started-at="2018-08-20T18:31:18Z" finished-at="2018-08-20T18:31:21Z">
          <reporter-output>
          </reporter-output>
        </test-method> <!-- getData -->
        <test-method status="PASS" signature="beforeClass()[pri:0, instance:com.yss.suit.scenario1@65cb687f]" name="beforeClass" is-config="true" duration-ms="1" started-at="2018-08-20T18:31:21Z" finished-at="2018-08-20T18:31:21Z">
          <reporter-output>
          </reporter-output>
        </test-method> <!-- beforeClass -->
        <test-method status="PASS" signature="login()[pri:0, instance:com.yss.suit.scenario1@65cb687f]" name="login" duration-ms="3142" started-at="2018-08-20T18:31:21Z" finished-at="2018-08-20T18:31:24Z">
          <reporter-output>
          </reporter-output>
        </test-method> <!-- login -->
        <test-method status="PASS" signature="HeSuanJiGouXinXi()[pri:1, instance:com.yss.suit.scenario1@65cb687f]" name="HeSuanJiGouXinXi" duration-ms="52155" started-at="2018-08-20T18:31:24Z" finished-at="2018-08-20T18:32:16Z">
          <reporter-output>
          </reporter-output>
        </test-method> <!-- HeSuanJiGouXinXi -->
        <test-method status="PASS" signature="afterClass()[pri:0, instance:com.yss.suit.scenario1@65cb687f]" name="afterClass" is-config="true" duration-ms="610" started-at="2018-08-20T18:32:16Z" finished-at="2018-08-20T18:32:17Z">
          <reporter-output>
          </reporter-output>
        </test-method> <!-- afterClass -->
      </class> <!-- com.yss.suit.scenario1 -->
    </test> <!-- score1 -->
  </suite> <!-- test sofa -->
</testng-results>
