<?xml version="1.0" encoding="UTF-8"?>
<!-- Generated by org.testng.reporters.JUnitXMLReporter -->
<testsuite hostname="LAPTOP-T9UGMIK5" ignored="0" name="score1" tests="2" failures="1" timestamp="21 八月 2018 01:18:23 GMT" time="27.943" errors="0">
  <testcase name="login" time="3.08" classname="com.yss.suit.scenario1"/>
  <testcase name="HeSuanJiGouXinXi" time="20.803" classname="com.yss.suit.scenario1">
    <failure type="org.openqa.selenium.WebDriverException" message="Element is not clickable at point (738.7000122070312, 14.800003051757812). Other element would receive the click: &amp;lt;div style=&amp;quot;display: block; width: 1198px; height: 680px; z-index: 9010;&amp;quot; id=&amp;quot;ext-gen191&amp;quot; class=&amp;quot;ext-el-mask&amp;quot;&amp;gt;&amp;lt;/div&amp;gt;
Command duration or timeout: 79 milliseconds
Build info: version: &amp;apos;2.53.1&amp;apos;, revision: &amp;apos;a36b8b1cd5757287168e54b817830adce9b0158d&amp;apos;, time: &amp;apos;2016-06-30 19:26:09&amp;apos;
System info: host: &amp;apos;LAPTOP-T9UGMIK5&amp;apos;, ip: &amp;apos;192.168.103.133&amp;apos;, os.name: &amp;apos;Windows 8.1&amp;apos;, os.arch: &amp;apos;amd64&amp;apos;, os.version: &amp;apos;6.3&amp;apos;, java.version: &amp;apos;1.7.0_80&amp;apos;
Session ID: b0bbec21-5f0a-4d8a-bc24-e0eb0cffa9fc
Driver info: org.openqa.selenium.firefox.FirefoxDriver
Capabilities [{platform=WINDOWS, acceptSslCerts=true, javascriptEnabled=true, cssSelectorsEnabled=true, databaseEnabled=true, browserName=firefox, handlesAlerts=true, nativeEvents=false, webStorageEnabled=true, rotatable=false, locationContextEnabled=true, applicationCacheEnabled=true, takesScreenshot=true, version=45.0.2}]">
      <![CDATA[org.openqa.selenium.WebDriverException: Element is not clickable at point (738.7000122070312, 14.800003051757812). Other element would receive the click: <div style="display: block; width: 1198px; height: 680px; z-index: 9010;" id="ext-gen191" class="ext-el-mask"></div>Command duration or timeout: 79 millisecondsBuild info: version: '2.53.1', revision: 'a36b8b1cd5757287168e54b817830adce9b0158d', time: '2016-06-30 19:26:09'System info: host: 'LAPTOP-T9UGMIK5', ip: '192.168.103.133', os.name: 'Windows 8.1', os.arch: 'amd64', os.version: '6.3', java.version: '1.7.0_80'Session ID: b0bbec21-5f0a-4d8a-bc24-e0eb0cffa9fcDriver info: org.openqa.selenium.firefox.FirefoxDriverCapabilities [{platform=WINDOWS, acceptSslCerts=true, javascriptEnabled=true, cssSelectorsEnabled=true, databaseEnabled=true, browserName=firefox, handlesAlerts=true, nativeEvents=false, webStorageEnabled=true, rotatable=false, locationContextEnabled=true, applicationCacheEnabled=true, takesScreenshot=true, version=45.0.2}]at org.openqa.selenium.remote.ErrorHandler.createThrowable(ErrorHandler.java:206)at org.openqa.selenium.remote.ErrorHandler.throwIfResponseFailed(ErrorHandler.java:158)at org.openqa.selenium.remote.RemoteWebDriver.execute(RemoteWebDriver.java:678)at org.openqa.selenium.remote.RemoteWebElement.execute(RemoteWebElement.java:327)at org.openqa.selenium.remote.RemoteWebElement.click(RemoteWebElement.java:85)at com.yss.common.Common.click(Common.java:132)at com.yss.common.Common.clickTopAdd(Common.java:636)at com.yss.method.HeSuanJiGouXinXi.add(HeSuanJiGouXinXi.java:68)at com.yss.suit.scenario1.HeSuanJiGouXinXi(scenario1.java:33)... Removed 29 stack frames]]>
    </failure>
  </testcase> <!-- HeSuanJiGouXinXi -->
</testsuite> <!-- score1 -->
