<?xml version="1.0" encoding="UTF-8"?>
<!-- Generated by org.testng.reporters.JUnitXMLReporter -->
<testsuite hostname="LAPTOP-T9UGMIK5" ignored="0" name="score1" tests="2" failures="1" timestamp="12 八月 2018 06:09:23 GMT" time="5.873" errors="0">
  <testcase name="test1" time="1.842" classname="com.yss.suit.scenario1"/>
  <testcase name="test2" time="0.312" classname="com.yss.suit.scenario1">
    <failure type="org.openqa.selenium.WebDriverException" message="Element is not clickable at point (268.8000030517578, 68). Other element would receive the click: &amp;lt;div id=&amp;quot;loading&amp;quot; style=&amp;quot;z-index: 9999; position: absolute; width: 1920px; height: 970px; background-color: rgb(8, 58, 99);&amp;quot;&amp;gt;&amp;lt;/div&amp;gt;
Command duration or timeout: 250 milliseconds
Build info: version: &amp;apos;2.53.1&amp;apos;, revision: &amp;apos;a36b8b1cd5757287168e54b817830adce9b0158d&amp;apos;, time: &amp;apos;2016-06-30 19:26:09&amp;apos;
System info: host: &amp;apos;LAPTOP-T9UGMIK5&amp;apos;, ip: &amp;apos;192.168.199.184&amp;apos;, os.name: &amp;apos;Windows 8.1&amp;apos;, os.arch: &amp;apos;amd64&amp;apos;, os.version: &amp;apos;6.3&amp;apos;, java.version: &amp;apos;1.7.0_80&amp;apos;
Session ID: 0682d136-c250-4c9e-b79f-fd754e2c4bd7
Driver info: org.openqa.selenium.firefox.FirefoxDriver
Capabilities [{platform=WINDOWS, acceptSslCerts=true, javascriptEnabled=true, cssSelectorsEnabled=true, databaseEnabled=true, browserName=firefox, handlesAlerts=true, nativeEvents=false, webStorageEnabled=true, rotatable=false, locationContextEnabled=true, applicationCacheEnabled=true, takesScreenshot=true, version=45.0.2}]">
      <![CDATA[org.openqa.selenium.WebDriverException: Element is not clickable at point (268.8000030517578, 68). Other element would receive the click: <div id="loading" style="z-index: 9999; position: absolute; width: 1920px; height: 970px; background-color: rgb(8, 58, 99);"></div>Command duration or timeout: 250 millisecondsBuild info: version: '2.53.1', revision: 'a36b8b1cd5757287168e54b817830adce9b0158d', time: '2016-06-30 19:26:09'System info: host: 'LAPTOP-T9UGMIK5', ip: '192.168.199.184', os.name: 'Windows 8.1', os.arch: 'amd64', os.version: '6.3', java.version: '1.7.0_80'Session ID: 0682d136-c250-4c9e-b79f-fd754e2c4bd7Driver info: org.openqa.selenium.firefox.FirefoxDriverCapabilities [{platform=WINDOWS, acceptSslCerts=true, javascriptEnabled=true, cssSelectorsEnabled=true, databaseEnabled=true, browserName=firefox, handlesAlerts=true, nativeEvents=false, webStorageEnabled=true, rotatable=false, locationContextEnabled=true, applicationCacheEnabled=true, takesScreenshot=true, version=45.0.2}]at org.openqa.selenium.remote.ErrorHandler.createThrowable(ErrorHandler.java:206)at org.openqa.selenium.remote.ErrorHandler.throwIfResponseFailed(ErrorHandler.java:158)at org.openqa.selenium.remote.RemoteWebDriver.execute(RemoteWebDriver.java:678)at org.openqa.selenium.remote.RemoteWebElement.execute(RemoteWebElement.java:327)at org.openqa.selenium.remote.RemoteWebElement.click(RemoteWebElement.java:85)at com.yss.method.CheckMenu.checkTAMenuText(CheckMenu.java:19)at com.yss.suit.scenario1.test2(scenario1.java:28)... Removed 29 stack frames]]>
    </failure>
  </testcase> <!-- test2 -->
</testsuite> <!-- score1 -->
